0 info it worked if it ends with ok
1 verbose cli [ '/usr/local/Cellar/node/6.2.1/bin/node',
1 verbose cli   '/usr/local/bin/npm',
1 verbose cli   'publish' ]
2 info using npm@3.9.3
3 info using node@v6.2.1
4 verbose publish [ '.' ]
5 silly cache add args [ '.', null ]
6 verbose cache add spec .
7 silly cache add parsed spec Result {
7 silly cache add   raw: '.',
7 silly cache add   scope: null,
7 silly cache add   name: null,
7 silly cache add   rawSpec: '.',
7 silly cache add   spec: '/Users/markjosephpenaranda/dev/generator-ng-admin',
7 silly cache add   type: 'directory' }
8 verbose addLocalDirectory /Users/markjosephpenaranda/.npm/generator-ng-admin/1.0.0/package.tgz not in flight; packing
9 verbose correctMkdir /Users/markjosephpenaranda/.npm correctMkdir not in flight; initializing
10 info lifecycle generator-ng-admin@1.0.0~prepublish: generator-ng-admin@1.0.0
11 silly lifecycle generator-ng-admin@1.0.0~prepublish: no script for prepublish, continuing
12 verbose tar pack [ '/Users/markjosephpenaranda/.npm/generator-ng-admin/1.0.0/package.tgz',
12 verbose tar pack   '/Users/markjosephpenaranda/dev/generator-ng-admin' ]
13 verbose tarball /Users/markjosephpenaranda/.npm/generator-ng-admin/1.0.0/package.tgz
14 verbose folder /Users/markjosephpenaranda/dev/generator-ng-admin
15 verbose addLocalTarball adding from inside cache /Users/markjosephpenaranda/.npm/generator-ng-admin/1.0.0/package.tgz
16 verbose correctMkdir /Users/markjosephpenaranda/.npm correctMkdir not in flight; initializing
17 silly cache afterAdd generator-ng-admin@1.0.0
18 verbose afterAdd /Users/markjosephpenaranda/.npm/generator-ng-admin/1.0.0/package/package.json not in flight; writing
19 verbose correctMkdir /Users/markjosephpenaranda/.npm correctMkdir not in flight; initializing
20 verbose afterAdd /Users/markjosephpenaranda/.npm/generator-ng-admin/1.0.0/package/package.json written
21 silly publish { name: 'generator-ng-admin',
21 silly publish   version: '1.0.0',
21 silly publish   description: 'Yo generator for ng-admin',
21 silly publish   main: 'index.js',
21 silly publish   scripts: { test: 'echo "Error: no test specified" && exit 1' },
21 silly publish   keywords: [ 'yeoman-generator' ],
21 silly publish   files: [ 'generators/app' ],
21 silly publish   author: '',
21 silly publish   license: 'MIT',
21 silly publish   dependencies:
21 silly publish    { 'yeoman-generator': '^0.18.0',
21 silly publish      chalk: '^0.5.0',
21 silly publish      concurrently: '^2.0.0',
21 silly publish      'underscore.string': '^3.0.3',
21 silly publish      'yeoman-blueprints': '1.0.5',
21 silly publish      yosay: '^0.3.0' },
21 silly publish   gitHead: '684bf64f1f4a36b0da603b7b769550a0d5663c40',
21 silly publish   readme: 'ERROR: No README data found!',
21 silly publish   _id: 'generator-ng-admin@1.0.0',
21 silly publish   _shasum: '453ab4c19b78c000236492cffff0c636e8f50731',
21 silly publish   _from: '.' }
22 verbose getPublishConfig undefined
23 silly mapToRegistry name generator-ng-admin
24 silly mapToRegistry using default registry
25 silly mapToRegistry registry https://registry.npmjs.org/
26 silly mapToRegistry data Result {
26 silly mapToRegistry   raw: 'generator-ng-admin',
26 silly mapToRegistry   scope: null,
26 silly mapToRegistry   name: 'generator-ng-admin',
26 silly mapToRegistry   rawSpec: '',
26 silly mapToRegistry   spec: 'latest',
26 silly mapToRegistry   type: 'tag' }
27 silly mapToRegistry uri https://registry.npmjs.org/generator-ng-admin
28 verbose publish registryBase https://registry.npmjs.org/
29 silly publish uploading /Users/markjosephpenaranda/.npm/generator-ng-admin/1.0.0/package.tgz
30 verbose stack Error: auth required for publishing
30 verbose stack     at CachingRegistryClient.publish (/usr/local/lib/node_modules/npm/node_modules/npm-registry-client/lib/publish.js:30:14)
30 verbose stack     at /usr/local/lib/node_modules/npm/lib/publish.js:137:14
30 verbose stack     at mapToRegistry (/usr/local/lib/node_modules/npm/lib/utils/map-to-registry.js:62:3)
30 verbose stack     at publish_ (/usr/local/lib/node_modules/npm/lib/publish.js:106:3)
30 verbose stack     at Array.<anonymous> (/usr/local/lib/node_modules/npm/node_modules/slide/lib/bind-actor.js:15:8)
30 verbose stack     at LOOP (/usr/local/lib/node_modules/npm/node_modules/slide/lib/chain.js:15:14)
30 verbose stack     at LOOP (/usr/local/lib/node_modules/npm/node_modules/slide/lib/chain.js:14:28)
30 verbose stack     at chain (/usr/local/lib/node_modules/npm/node_modules/slide/lib/chain.js:20:5)
30 verbose stack     at /usr/local/lib/node_modules/npm/lib/publish.js:72:5
30 verbose stack     at RES (/usr/local/lib/node_modules/npm/node_modules/inflight/inflight.js:23:14)
31 verbose cwd /Users/markjosephpenaranda/dev/generator-ng-admin
32 error Darwin 15.5.0
33 error argv "/usr/local/Cellar/node/6.2.1/bin/node" "/usr/local/bin/npm" "publish"
34 error node v6.2.1
35 error npm  v3.9.3
36 error code ENEEDAUTH
37 error need auth auth required for publishing
38 error need auth You need to authorize this machine using `npm adduser`
39 verbose exit [ 1, true ]
